[2021/ 6/ 4 - 13:52] Ubaldo (Designer) uploaded "House"
[2021/ 6/ 4 - 13:57] Franco (Tester) downloaded "House" By Ubaldo
[2021/ 6/ 4 - 14: 7] Franco (Tester) voted "House" By Ubaldo 4.0/5
[2021/ 6/ 4 - 14: 9] Mark (Architect) voted "House" By Ubaldo 5.0/5
[2021/ 6/ 4 - 14:12] Bob (Soccer Player) uploaded "We Won!"
[2021/ 6/ 4 - 14:20] Alex (Baker) downloaded "We Won!" By Bob
[2021/ 6/ 4 - 17:49] Dave (Painter) voted "House" By Ubaldo 2.0/5
[2021/ 6/ 4 - 17:50] Dave (Painter) downloaded "House" By Ubaldo
[2021/ 6/ 4 - 17:52] LogoMakers (Graphic Designer) uploaded "Wind Logo"
[2021/ 6/ 4 - 17:53] LogoMakers (Graphic Designer) uploaded "ASUS Logo"
[2021/ 6/ 4 - 17:56] Tod (Artist) uploaded "Passion"
[2021/ 6/ 4 - 17:58] Tod (Artist) uploaded "Desirrers"
[2021/ 6/ 4 - 18: 2] Axel (Butcher) uploaded "A nice beef"
[2021/ 6/ 4 - 18: 4] Dave (Painter) downloaded "ASUS Logo" By LogoMakers
[2021/ 6/ 4 - 18: 5] Dave (Painter) downloaded "Passion" By Tod
[2021/ 6/ 4 - 18: 6] Ao (Employer) uploaded "Our Company"
[2021/ 6/ 4 - 18: 7] Ao (Employer) uploaded "Our Headquarters"
[2021/ 6/ 4 - 18: 9] Yuri (Web Developer) uploaded "Webpage template"
[2021/ 6/ 4 - 18:10] Ao (Employer) uploaded "Our new hire Yuri"
[2021/ 6/ 4 - 18:12] Nathan (Jobless) downloaded "Our Company" By Ao
[2021/ 6/ 4 - 18:15] Yuri (Web Developer) voted "Our Headquarters" By Ao 5.0/5
[2021/ 6/ 4 - 18:25] Hugo (Student) downloaded "Webpage template" By Yuri
[2021/ 6/ 4 - 18:25] Hugo (Student) voted "Webpage template" By Yuri 5.0/5
[2021/ 6/ 4 - 18:27] Bob (Soccer Player) uploaded "The Field"
[2021/ 6/ 4 - 18:27] Bob (Soccer Player) uploaded "Soccer Ball Wallpaper"
[2021/ 6/ 4 - 18:29] Ao (Employer) uploaded "Our Product"
[2021/ 6/ 4 - 18:30] Ao (Employer) deleted "Our Product"
